\BOOKMARK [1][-]{section.1}{\376\377\124\021\221\317\116\343\145\160\116\016\172\172\225\364\211\343\147\220\121\340\117\125}{}% 1
\BOOKMARK [2][-]{subsection.1.1}{\376\377\124\021\221\317\123\312\121\166\176\277\140\047\217\320\173\227}{section.1}% 2
\BOOKMARK [2][-]{subsection.1.2}{\376\377\145\160\221\317\171\357\000\040\124\021\221\317\171\357\000\040\155\367\124\010\171\357}{section.1}% 3
\BOOKMARK [2][-]{subsection.1.3}{\376\377\146\362\227\142\123\312\121\166\145\271\172\013}{section.1}% 4
\BOOKMARK [2][-]{subsection.1.4}{\376\377\172\172\225\364\146\362\176\277\123\312\121\166\145\271\172\013}{section.1}% 5
\BOOKMARK [2][-]{subsection.1.5}{\376\377\136\163\227\142\123\312\121\166\145\271\172\013}{section.1}% 6
\BOOKMARK [2][-]{subsection.1.6}{\376\377\172\172\225\364\166\364\176\277\123\312\121\166\145\271\172\013}{section.1}% 7
\BOOKMARK [2][-]{subsection.1.7}{\376\377\147\054\172\340\176\374\124\010\155\113\232\214}{section.1}% 8
\BOOKMARK [1][-]{section.2}{\376\377\131\032\121\103\121\375\145\160\137\256\122\006\154\325\123\312\121\166\136\224\165\050}{}% 9
\BOOKMARK [2][-]{subsection.2.1}{\376\377\131\032\121\103\121\375\145\160\166\204\127\372\147\054\151\202\137\365}{section.2}% 10
\BOOKMARK [2][-]{subsection.2.2}{\376\377\120\117\133\374\145\160}{section.2}% 11
\BOOKMARK [2][-]{subsection.2.3}{\376\377\121\150\137\256\122\006}{section.2}% 12
\BOOKMARK [2][-]{subsection.2.4}{\376\377\131\032\121\103\131\015\124\010\121\375\145\160\166\204\154\102\133\374\154\325\122\031}{section.2}% 13
\BOOKMARK [2][-]{subsection.2.5}{\376\377\226\220\121\375\145\160\166\204\154\102\133\374\121\154\137\017}{section.2}% 14
\BOOKMARK [2][-]{subsection.2.6}{\376\377\131\032\121\103\121\375\145\160\137\256\122\006\133\146\166\204\121\340\117\125\136\224\165\050}{section.2}% 15
\BOOKMARK [2][-]{subsection.2.7}{\376\377\145\271\124\021\133\374\145\160\116\016\150\257\136\246}{section.2}% 16
\BOOKMARK [2][-]{subsection.2.8}{\376\377\131\032\121\103\121\375\145\160\166\204\147\201\120\074\123\312\121\166\154\102\154\325}{section.2}% 17
\BOOKMARK [2][-]{subsection.2.9}{\376\377\147\054\172\340\176\374\124\010\155\113\232\214}{section.2}% 18
\BOOKMARK [1][-]{section.3}{\376\377\221\315\171\357\122\006}{}% 19
\BOOKMARK [2][-]{subsection.3.1}{\376\377\116\214\221\315\171\357\122\006\166\204\151\202\137\365\116\016\140\047\215\050}{section.3}% 20
\BOOKMARK [2][-]{subsection.3.2}{\376\377\116\214\221\315\171\357\122\006\166\204\213\241\173\227\145\271\154\325}{section.3}% 21
\BOOKMARK [2][-]{subsection.3.3}{\376\377\116\011\221\315\171\357\122\006}{section.3}% 22
\BOOKMARK [2][-]{subsection.3.4}{\376\377\221\315\171\357\122\006\166\204\136\224\165\050}{section.3}% 23
\BOOKMARK [2][-]{subsection.3.5}{\376\377\147\054\172\340\176\374\124\010\155\113\232\214}{section.3}% 24
\BOOKMARK [1][-]{section.4}{\376\377\146\362\176\277\171\357\122\006\116\016\146\362\227\142\171\357\122\006}{}% 25
\BOOKMARK [2][-]{subsection.4.1}{\376\377\133\371\137\047\225\177\166\204\146\362\176\277\171\357\122\006}{section.4}% 26
\BOOKMARK [2][-]{subsection.4.2}{\376\377\133\371\127\120\150\007\166\204\146\362\176\277\171\357\122\006}{section.4}% 27
\BOOKMARK [2][-]{subsection.4.3}{\376\377\150\074\147\227\121\154\137\017\123\312\121\166\136\224\165\050}{section.4}% 28
\BOOKMARK [2][-]{subsection.4.4}{\376\377\133\371\227\142\171\357\166\204\146\362\227\142\171\357\122\006}{section.4}% 29
\BOOKMARK [2][-]{subsection.4.5}{\376\377\133\371\127\120\150\007\166\204\146\362\227\142\171\357\122\006}{section.4}% 30
\BOOKMARK [2][-]{subsection.4.6}{\376\377\232\330\145\257\121\154\137\017\000\040\220\032\221\317\116\016\145\143\136\246}{section.4}% 31
\BOOKMARK [2][-]{subsection.4.7}{\376\377\145\257\142\130\121\113\145\257\121\154\137\017\000\040\163\257\155\101\221\317\116\016\145\313\136\246}{section.4}% 32
\BOOKMARK [2][-]{subsection.4.8}{\376\377\147\054\172\340\176\374\124\010\155\113\232\214}{section.4}% 33
\BOOKMARK [1][-]{section.5}{\376\377\145\340\172\167\176\247\145\160}{}% 34
\BOOKMARK [2][-]{subsection.5.1}{\376\377\136\070\145\160\230\171\145\340\172\167\176\247\145\160\166\204\151\202\137\365\124\214\140\047\215\050}{section.5}% 35
\BOOKMARK [2][-]{subsection.5.2}{\376\377\136\070\145\160\230\171\176\247\145\160\166\204\133\241\145\133\154\325}{section.5}% 36
\BOOKMARK [2][-]{subsection.5.3}{\376\377\136\102\176\247\145\160}{section.5}% 37
\BOOKMARK [2][-]{subsection.5.4}{\376\377\121\375\145\160\134\125\137\000\142\020\136\102\176\247\145\160}{section.5}% 38
\BOOKMARK [2][-]{subsection.5.5}{\376\377\120\205\221\314\123\366\176\247\145\160}{section.5}% 39
\BOOKMARK [2][-]{subsection.5.6}{\376\377\116\000\202\054\124\150\147\037\121\375\145\160\166\204\120\205\221\314\123\366\176\247\145\160}{section.5}% 40
\BOOKMARK [2][-]{subsection.5.7}{\376\377\147\054\172\340\176\374\124\010\155\113\232\214}{section.5}% 41
